<?xml version="1.0" encoding="UTF-8"?>
<!-- Generated by org.testng.reporters.JUnitXMLReporter -->
<testsuite hostname="ip-172-31-28-62" ignored="0" name="Default test" tests="3" failures="0" timestamp="2022-03-05T04:54:48 UTC" time="0.057" errors="0">
  <testcase name="test3" time="0.006" classname="test.HomePageTest"/>
  <testcase name="test1" time="0.001" classname="test.AnnotationExample"/>
  <testcase name="test2" time="0.001" classname="test.AnnotationExample"/>
</testsuite> <!-- Default test -->
