<?xml version="1.0" encoding="UTF-8"?>
<!-- Generated by org.testng.reporters.JUnitXMLReporter -->
<testsuite hostname="ip-172-31-28-62" ignored="1" name="Test" tests="3" failures="0" timestamp="2022-03-05T05:35:36 UTC" time="0.077" errors="0">
  <testcase name="test3" time="0.007" classname="test.HomePageTest"/>
  <testcase name="test1" time="0.001" classname="test.AnnotationExample"/>
  <testcase name="test4" time="0.002" classname="test2.CheckOutTest"/>
  <testcase name="test2" time="0.0" classname="test.AnnotationExample">
    <ignored/>
  </testcase> <!-- test2 -->
</testsuite> <!-- Test -->
