<?xml version="1.0" encoding="UTF-8"?>
<testng-results skipped="0" failed="0" ignored="1" total="4" passed="3">
  <reporter-output>
  </reporter-output>
  <suite name="Suite" duration-ms="77" started-at="2022-03-05T05:35:36 UTC" finished-at="2022-03-05T05:35:36 UTC">
    <groups>
    </groups>
    <test name="Test" duration-ms="77" started-at="2022-03-05T05:35:36 UTC" finished-at="2022-03-05T05:35:36 UTC">
      <class name="test.HomePageTest">
        <test-method status="PASS" signature="test3()[pri:0, instance:test.HomePageTest@711f39f9]" name="test3" duration-ms="7" started-at="2022-03-05T05:35:36 UTC" finished-at="2022-03-05T05:35:36 UTC">
          <reporter-output>
          </reporter-output>
        </test-method> <!-- test3 -->
      </class> <!-- test.HomePageTest -->
      <class name="test.AnnotationExample">
        <test-method status="PASS" signature="BeforeT()[pri:0, instance:test.AnnotationExample@11438d26]" name="BeforeT" is-config="true" duration-ms="7" started-at="2022-03-05T05:35:36 UTC" finished-at="2022-03-05T05:35:36 UTC">
          <reporter-output>
          </reporter-output>
        </test-method> <!-- BeforeT -->
        <test-method status="PASS" signature="BeforeM()[pri:0, instance:test.AnnotationExample@11438d26]" name="BeforeM" is-config="true" duration-ms="0" started-at="2022-03-05T05:35:36 UTC" finished-at="2022-03-05T05:35:36 UTC">
          <reporter-output>
          </reporter-output>
        </test-method> <!-- BeforeM -->
        <test-method status="PASS" signature="test1()[pri:0, instance:test.AnnotationExample@11438d26]" name="test1" duration-ms="1" started-at="2022-03-05T05:35:36 UTC" finished-at="2022-03-05T05:35:36 UTC">
          <reporter-output>
          </reporter-output>
        </test-method> <!-- test1 -->
        <test-method status="PASS" signature="AfterM()[pri:0, instance:test.AnnotationExample@11438d26]" name="AfterM" is-config="true" duration-ms="0" started-at="2022-03-05T05:35:36 UTC" finished-at="2022-03-05T05:35:36 UTC">
          <reporter-output>
          </reporter-output>
        </test-method> <!-- AfterM -->
        <test-method status="PASS" signature="AfterT()[pri:0, instance:test.AnnotationExample@11438d26]" name="AfterT" is-config="true" duration-ms="7" started-at="2022-03-05T05:35:36 UTC" finished-at="2022-03-05T05:35:36 UTC">
          <reporter-output>
          </reporter-output>
        </test-method> <!-- AfterT -->
      </class> <!-- test.AnnotationExample -->
      <class name="test2.CheckOutTest">
        <test-method status="PASS" signature="test4()[pri:0, instance:test2.CheckOutTest@34cd072c]" name="test4" duration-ms="2" started-at="2022-03-05T05:35:36 UTC" finished-at="2022-03-05T05:35:36 UTC">
          <reporter-output>
          </reporter-output>
        </test-method> <!-- test4 -->
      </class> <!-- test2.CheckOutTest -->
    </test> <!-- Test -->
  </suite> <!-- Suite -->
</testng-results>
