<?xml version="1.0" encoding="UTF-8"?>
<testng-results skipped="0" failed="0" ignored="0" total="2" passed="2">
  <reporter-output>
  </reporter-output>
  <suite name="Default suite" duration-ms="59" started-at="2022-03-06T04:42:10 UTC" finished-at="2022-03-06T04:42:10 UTC">
    <groups>
      <group name="sanity">
        <method signature="AnnotationExample.test1()[pri:0, instance:test.AnnotationExample@670b40af]" name="test1" class="test.AnnotationExample"/>
      </group> <!-- sanity -->
    </groups>
    <test name="Default test" duration-ms="59" started-at="2022-03-06T04:42:10 UTC" finished-at="2022-03-06T04:42:10 UTC">
      <class name="test.AnnotationExample">
        <test-method status="PASS" signature="BeforeT()[pri:0, instance:test.AnnotationExample@670b40af]" name="BeforeT" is-config="true" duration-ms="12" started-at="2022-03-06T04:42:10 UTC" finished-at="2022-03-06T04:42:10 UTC">
          <reporter-output>
          </reporter-output>
        </test-method> <!-- BeforeT -->
        <test-method status="PASS" signature="BeforeG()[pri:0, instance:test.AnnotationExample@670b40af]" name="BeforeG" is-config="true" duration-ms="1" started-at="2022-03-06T04:42:10 UTC" finished-at="2022-03-06T04:42:10 UTC">
          <reporter-output>
          </reporter-output>
        </test-method> <!-- BeforeG -->
        <test-method status="PASS" signature="BeforeM()[pri:0, instance:test.AnnotationExample@670b40af]" name="BeforeM" is-config="true" duration-ms="0" started-at="2022-03-06T04:42:10 UTC" finished-at="2022-03-06T04:42:10 UTC">
          <reporter-output>
          </reporter-output>
        </test-method> <!-- BeforeM -->
        <test-method status="PASS" signature="test1()[pri:0, instance:test.AnnotationExample@670b40af]" name="test1" duration-ms="4" started-at="2022-03-06T04:42:10 UTC" finished-at="2022-03-06T04:42:10 UTC">
          <reporter-output>
          </reporter-output>
        </test-method> <!-- test1 -->
        <test-method status="PASS" signature="AfterM()[pri:0, instance:test.AnnotationExample@670b40af]" name="AfterM" is-config="true" duration-ms="0" started-at="2022-03-06T04:42:10 UTC" finished-at="2022-03-06T04:42:10 UTC">
          <reporter-output>
          </reporter-output>
        </test-method> <!-- AfterM -->
        <test-method status="PASS" signature="BeforeM()[pri:0, instance:test.AnnotationExample@670b40af]" name="BeforeM" is-config="true" duration-ms="0" started-at="2022-03-06T04:42:10 UTC" finished-at="2022-03-06T04:42:10 UTC">
          <reporter-output>
          </reporter-output>
        </test-method> <!-- BeforeM -->
        <test-method status="PASS" signature="test2()[pri:0, instance:test.AnnotationExample@670b40af]" name="test2" duration-ms="1" started-at="2022-03-06T04:42:10 UTC" finished-at="2022-03-06T04:42:10 UTC">
          <reporter-output>
          </reporter-output>
        </test-method> <!-- test2 -->
        <test-method status="PASS" signature="AfterM()[pri:0, instance:test.AnnotationExample@670b40af]" name="AfterM" is-config="true" duration-ms="0" started-at="2022-03-06T04:42:10 UTC" finished-at="2022-03-06T04:42:10 UTC">
          <reporter-output>
          </reporter-output>
        </test-method> <!-- AfterM -->
        <test-method status="PASS" signature="AfterT()[pri:0, instance:test.AnnotationExample@670b40af]" name="AfterT" is-config="true" duration-ms="0" started-at="2022-03-06T04:42:10 UTC" finished-at="2022-03-06T04:42:10 UTC">
          <reporter-output>
          </reporter-output>
        </test-method> <!-- AfterT -->
      </class> <!-- test.AnnotationExample -->
    </test> <!-- Default test -->
  </suite> <!-- Default suite -->
</testng-results>
